<?xml version="1.0" encoding="UTF-8"?>
<testsuite name="br.com.fiap.restaurante.RestauranteApplicationTests" tests="1" skipped="0" failures="0" errors="0" timestamp="2025-03-23T05:02:55.318Z" hostname="NOTEBOOK" time="0.004">
  <properties/>
  <testcase name="contextLoads()" classname="br.com.fiap.restaurante.RestauranteApplicationTests" time="0.004"/>
  <system-out><![CDATA[2025-03-23T02:02:54.711-03:00  INFO 33736 --- [restaurante] [    Test worker] t.c.s.AnnotationConfigContextLoaderUtils : Could not detect default configuration classes for test class [br.com.fiap.restaurante.RestauranteApplicationTests]: RestauranteApplicationTests does not declare any static, non-private, non-final, nested classes annotated with @Configuration.
2025-03-23T02:02:54.719-03:00  INFO 33736 --- [restaurante] [    Test worker] .b.t.c.SpringBootTestContextBootstrapper : Found @SpringBootConfiguration br.com.fiap.restaurante.RestauranteApplication for test class br.com.fiap.restaurante.RestauranteApplicationTests

  .   ____          _            __ _ _
 /\\ / ___'_ __ _ _(_)_ __  __ _ \ \ \ \
( ( )\___ | '_ | '_| | '_ \/ _` | \ \ \ \
 \\/  ___)| |_)| | | | | || (_| |  ) ) ) )
  '  |____| .__|_| |_|_| |_\__, | / / / /
 =========|_|==============|___/=/_/_/_/

 :: Spring Boot ::                (v3.4.3)

2025-03-23T02:02:54.747-03:00  INFO 33736 --- [restaurante] [    Test worker] b.c.f.r.RestauranteApplicationTests      : Starting RestauranteApplicationTests using Java 17.0.14 with PID 33736 (started by joaov in C:\Programin\tech-challenge-03)
2025-03-23T02:02:54.748-03:00  INFO 33736 --- [restaurante] [    Test worker] b.c.f.r.RestauranteApplicationTests      : No active profile set, falling back to 1 default profile: "default"
2025-03-23T02:02:54.948-03:00  INFO 33736 --- [restaurante] [    Test worker] .s.d.r.c.RepositoryConfigurationDelegate : Bootstrapping Spring Data JPA repositories in DEFAULT mode.
2025-03-23T02:02:54.962-03:00  INFO 33736 --- [restaurante] [    Test worker] .s.d.r.c.RepositoryConfigurationDelegate : Finished Spring Data repository scanning in 13 ms. Found 4 JPA repository interfaces.
2025-03-23T02:02:55.014-03:00  INFO 33736 --- [restaurante] [    Test worker] com.zaxxer.hikari.HikariDataSource       : HikariPool-2 - Starting...
2025-03-23T02:02:55.015-03:00  INFO 33736 --- [restaurante] [    Test worker] com.zaxxer.hikari.pool.HikariPool        : HikariPool-2 - Added connection conn10: url=jdbc:h2:mem:testdb user=SA
2025-03-23T02:02:55.016-03:00  INFO 33736 --- [restaurante] [    Test worker] com.zaxxer.hikari.HikariDataSource       : HikariPool-2 - Start completed.
2025-03-23T02:02:55.027-03:00  INFO 33736 --- [restaurante] [    Test worker] o.hibernate.jpa.internal.util.LogHelper  : HHH000204: Processing PersistenceUnitInfo [name: default]
2025-03-23T02:02:55.031-03:00  INFO 33736 --- [restaurante] [    Test worker] o.h.c.internal.RegionFactoryInitiator    : HHH000026: Second-level cache disabled
2025-03-23T02:02:55.044-03:00  INFO 33736 --- [restaurante] [    Test worker] o.s.o.j.p.SpringPersistenceUnitInfo      : No LoadTimeWeaver setup: ignoring JPA class transformer
2025-03-23T02:02:55.045-03:00  INFO 33736 --- [restaurante] [    Test worker] org.hibernate.orm.connections.pooling    : HHH10001005: Database info:
	Database JDBC URL [Connecting through datasource 'HikariDataSource (HikariPool-2)']
	Database driver: undefined/unknown
	Database version: 2.3.232
	Autocommit mode: undefined/unknown
	Isolation level: undefined/unknown
	Minimum pool size: undefined/unknown
	Maximum pool size: undefined/unknown
2025-03-23T02:02:55.120-03:00  INFO 33736 --- [restaurante] [    Test worker] o.h.e.t.j.p.i.JtaPlatformInitiator       : HHH000489: No JTA platform available (set 'hibernate.transaction.jta.platform' to enable JTA platform integration)
2025-03-23T02:02:55.129-03:00  INFO 33736 --- [restaurante] [    Test worker] j.LocalContainerEntityManagerFactoryBean : Initialized JPA EntityManagerFactory for persistence unit 'default'
2025-03-23T02:02:55.209-03:00  WARN 33736 --- [restaurante] [    Test worker] JpaBaseConfiguration$JpaWebConfiguration : spring.jpa.open-in-view is enabled by default. Therefore, database queries may be performed during view rendering. Explicitly configure spring.jpa.open-in-view to disable this warning
2025-03-23T02:02:55.304-03:00  INFO 33736 --- [restaurante] [    Test worker] o.s.b.a.h2.H2ConsoleAutoConfiguration    : H2 console available at '/h2-console'. Database available at 'jdbc:h2:mem:testdb'
2025-03-23T02:02:55.317-03:00  INFO 33736 --- [restaurante] [    Test worker] b.c.f.r.RestauranteApplicationTests      : Started RestauranteApplicationTests in 0.593 seconds (process running for 5.956)
]]></system-out>
  <system-err><![CDATA[]]></system-err>
</testsuite>
