<?xml version="1.0" encoding="UTF-8"?>
<testsuite name="br.com.fiap.restaurante.RestauranteApplicationTests" tests="1" skipped="0" failures="0" errors="0" timestamp="2025-03-23T22:58:37.652Z" hostname="eduardoesr" time="0.425">
  <properties/>
  <testcase name="contextLoads()" classname="br.com.fiap.restaurante.RestauranteApplicationTests" time="0.425"/>
  <system-out><![CDATA[19:58:28.466 [Test worker] INFO org.springframework.test.context.support.AnnotationConfigContextLoaderUtils -- Could not detect default configuration classes for test class [br.com.fiap.restaurante.RestauranteApplicationTests]: RestauranteApplicationTests does not declare any static, non-private, non-final, nested classes annotated with @Configuration.
19:58:28.563 [Test worker] INFO org.springframework.boot.test.context.SpringBootTestContextBootstrapper -- Found @SpringBootConfiguration br.com.fiap.restaurante.RestauranteApplication for test class br.com.fiap.restaurante.RestauranteApplicationTests

  .   ____          _            __ _ _
 /\\ / ___'_ __ _ _(_)_ __  __ _ \ \ \ \
( ( )\___ | '_ | '_| | '_ \/ _` | \ \ \ \
 \\/  ___)| |_)| | | | | || (_| |  ) ) ) )
  '  |____| .__|_| |_|_| |_\__, | / / / /
 =========|_|==============|___/=/_/_/_/

 :: Spring Boot ::                (v3.4.3)

2025-03-23T19:58:28.897-03:00  INFO 15037 --- [restaurante] [    Test worker] b.c.f.r.RestauranteApplicationTests      : Starting RestauranteApplicationTests using Java 17.0.12 with PID 15037 (started by ubuntu in /mnt/c/Users/eduar/Desktop/SPRING FIAP/tech-challenge-03)
2025-03-23T19:58:28.898-03:00  INFO 15037 --- [restaurante] [    Test worker] b.c.f.r.RestauranteApplicationTests      : No active profile set, falling back to 1 default profile: "default"
2025-03-23T19:58:29.565-03:00  INFO 15037 --- [restaurante] [    Test worker] .s.d.r.c.RepositoryConfigurationDelegate : Bootstrapping Spring Data JPA repositories in DEFAULT mode.
2025-03-23T19:58:29.628-03:00  INFO 15037 --- [restaurante] [    Test worker] .s.d.r.c.RepositoryConfigurationDelegate : Finished Spring Data repository scanning in 55 ms. Found 4 JPA repository interfaces.
2025-03-23T19:58:29.915-03:00  INFO 15037 --- [restaurante] [    Test worker] com.zaxxer.hikari.HikariDataSource       : HikariPool-1 - Starting...
2025-03-23T19:58:32.082-03:00  INFO 15037 --- [restaurante] [    Test worker] com.zaxxer.hikari.pool.HikariPool        : HikariPool-1 - Added connection org.postgresql.jdbc.PgConnection@203b953c
2025-03-23T19:58:32.083-03:00  INFO 15037 --- [restaurante] [    Test worker] com.zaxxer.hikari.HikariDataSource       : HikariPool-1 - Start completed.
2025-03-23T19:58:32.149-03:00  INFO 15037 --- [restaurante] [    Test worker] o.hibernate.jpa.internal.util.LogHelper  : HHH000204: Processing PersistenceUnitInfo [name: default]
2025-03-23T19:58:32.199-03:00  INFO 15037 --- [restaurante] [    Test worker] org.hibernate.Version                    : HHH000412: Hibernate ORM core version 6.6.8.Final
2025-03-23T19:58:32.227-03:00  INFO 15037 --- [restaurante] [    Test worker] o.h.c.internal.RegionFactoryInitiator    : HHH000026: Second-level cache disabled
2025-03-23T19:58:32.497-03:00  INFO 15037 --- [restaurante] [    Test worker] o.s.o.j.p.SpringPersistenceUnitInfo      : No LoadTimeWeaver setup: ignoring JPA class transformer
2025-03-23T19:58:33.185-03:00  INFO 15037 --- [restaurante] [    Test worker] org.hibernate.orm.connections.pooling    : HHH10001005: Database info:
	Database JDBC URL [Connecting through datasource 'HikariDataSource (HikariPool-1)']
	Database driver: undefined/unknown
	Database version: 16.6
	Autocommit mode: undefined/unknown
	Isolation level: undefined/unknown
	Minimum pool size: undefined/unknown
	Maximum pool size: undefined/unknown
2025-03-23T19:58:34.002-03:00  INFO 15037 --- [restaurante] [    Test worker] o.h.e.t.j.p.i.JtaPlatformInitiator       : HHH000489: No JTA platform available (set 'hibernate.transaction.jta.platform' to enable JTA platform integration)
2025-03-23T19:58:36.963-03:00  INFO 15037 --- [restaurante] [    Test worker] j.LocalContainerEntityManagerFactoryBean : Initialized JPA EntityManagerFactory for persistence unit 'default'
2025-03-23T19:58:37.312-03:00  WARN 15037 --- [restaurante] [    Test worker] JpaBaseConfiguration$JpaWebConfiguration : spring.jpa.open-in-view is enabled by default. Therefore, database queries may be performed during view rendering. Explicitly configure spring.jpa.open-in-view to disable this warning
2025-03-23T19:58:37.641-03:00  INFO 15037 --- [restaurante] [    Test worker] b.c.f.r.RestauranteApplicationTests      : Started RestauranteApplicationTests in 8.944 seconds (process running for 9.888)
]]></system-out>
  <system-err><![CDATA[]]></system-err>
</testsuite>
