<?xml version="1.0" encoding="UTF-8"?>
<testsuite name="br.com.fiap.restaurante.controller.especialidade.DeleteEspecialidadeControllerTest" tests="2" skipped="0" failures="0" errors="0" timestamp="2025-03-23T19:49:21.867Z" hostname="NOTEBOOK" time="0.102">
  <properties/>
  <testcase name="testDeleteEspecialidadeInexistente()" classname="br.com.fiap.restaurante.controller.especialidade.DeleteEspecialidadeControllerTest" time="0.076"/>
  <testcase name="testDeleteEspecialidade()" classname="br.com.fiap.restaurante.controller.especialidade.DeleteEspecialidadeControllerTest" time="0.025"/>
  <system-out><![CDATA[2025-03-23T16:49:21.860-03:00  INFO 4596 --- [restaurante] [    Test worker] t.c.s.AnnotationConfigContextLoaderUtils : Could not detect default configuration classes for test class [br.com.fiap.restaurante.controller.especialidade.DeleteEspecialidadeControllerTest]: DeleteEspecialidadeControllerTest does not declare any static, non-private, non-final, nested classes annotated with @Configuration.
2025-03-23T16:49:21.864-03:00  INFO 4596 --- [restaurante] [    Test worker] .b.t.c.SpringBootTestContextBootstrapper : Found @SpringBootConfiguration br.com.fiap.restaurante.RestauranteApplication for test class br.com.fiap.restaurante.controller.especialidade.DeleteEspecialidadeControllerTest
]]></system-out>
  <system-err><![CDATA[]]></system-err>
</testsuite>
