<?xml version="1.0" encoding="UTF-8"?>
<testsuite name="br.com.fiap.restaurante.controller.especialidade.ReadEspecialidadeControllerTest" tests="1" skipped="0" failures="0" errors="0" timestamp="2025-03-23T22:58:47.923Z" hostname="eduardoesr" time="0.918">
  <properties/>
  <testcase name="testReadEspecialidade()" classname="br.com.fiap.restaurante.controller.especialidade.ReadEspecialidadeControllerTest" time="0.918"/>
  <system-out><![CDATA[2025-03-23T19:58:47.921-03:00  INFO 15037 --- [restaurante] [    Test worker] t.c.s.AnnotationConfigContextLoaderUtils : Could not detect default configuration classes for test class [br.com.fiap.restaurante.controller.especialidade.ReadEspecialidadeControllerTest]: ReadEspecialidadeControllerTest does not declare any static, non-private, non-final, nested classes annotated with @Configuration.
2025-03-23T19:58:47.923-03:00  INFO 15037 --- [restaurante] [    Test worker] .b.t.c.SpringBootTestContextBootstrapper : Found @SpringBootConfiguration br.com.fiap.restaurante.RestauranteApplication for test class br.com.fiap.restaurante.controller.especialidade.ReadEspecialidadeControllerTest
]]></system-out>
  <system-err><![CDATA[]]></system-err>
</testsuite>
