<?xml version="1.0" encoding="UTF-8"?>
<testsuite name="br.com.fiap.restaurante.controller.especialidade.CreateEspecialidadeControllerTest" tests="1" skipped="0" failures="0" errors="0" timestamp="2025-03-23T19:49:21.273Z" hostname="NOTEBOOK" time="0.585">
  <properties/>
  <testcase name="testCreateEspecialidade()" classname="br.com.fiap.restaurante.controller.especialidade.CreateEspecialidadeControllerTest" time="0.585"/>
  <system-out><![CDATA[2025-03-23T16:49:20.195-03:00  INFO 4596 --- [restaurante] [    Test worker] t.c.s.AnnotationConfigContextLoaderUtils : Could not detect default configuration classes for test class [br.com.fiap.restaurante.controller.especialidade.CreateEspecialidadeControllerTest]: CreateEspecialidadeControllerTest does not declare any static, non-private, non-final, nested classes annotated with @Configuration.
2025-03-23T16:49:20.227-03:00  INFO 4596 --- [restaurante] [    Test worker] .b.t.c.SpringBootTestContextBootstrapper : Found @SpringBootConfiguration br.com.fiap.restaurante.RestauranteApplication for test class br.com.fiap.restaurante.controller.especialidade.CreateEspecialidadeControllerTest

  .   ____          _            __ _ _
 /\\ / ___'_ __ _ _(_)_ __  __ _ \ \ \ \
( ( )\___ | '_ | '_| | '_ \/ _` | \ \ \ \
 \\/  ___)| |_)| | | | | || (_| |  ) ) ) )
  '  |____| .__|_| |_|_| |_\__, | / / / /
 =========|_|==============|___/=/_/_/_/

 :: Spring Boot ::                (v3.4.3)

2025-03-23T16:49:20.261-03:00  INFO 4596 --- [restaurante] [    Test worker] .r.c.e.CreateEspecialidadeControllerTest : Starting CreateEspecialidadeControllerTest using Java 17.0.14 with PID 4596 (started by joaov in C:\Programin\tech-challenge-03)
2025-03-23T16:49:20.262-03:00  INFO 4596 --- [restaurante] [    Test worker] .r.c.e.CreateEspecialidadeControllerTest : The following 1 profile is active: "test"
2025-03-23T16:49:20.457-03:00  INFO 4596 --- [restaurante] [    Test worker] .s.d.r.c.RepositoryConfigurationDelegate : Bootstrapping Spring Data JPA repositories in DEFAULT mode.
2025-03-23T16:49:20.474-03:00  INFO 4596 --- [restaurante] [    Test worker] .s.d.r.c.RepositoryConfigurationDelegate : Finished Spring Data repository scanning in 16 ms. Found 4 JPA repository interfaces.
2025-03-23T16:49:20.683-03:00  INFO 4596 --- [restaurante] [    Test worker] o.s.b.w.embedded.tomcat.TomcatWebServer  : Tomcat initialized with port 0 (http)
2025-03-23T16:49:20.695-03:00  INFO 4596 --- [restaurante] [    Test worker] o.apache.catalina.core.StandardService   : Starting service [Tomcat]
2025-03-23T16:49:20.696-03:00  INFO 4596 --- [restaurante] [    Test worker] o.apache.catalina.core.StandardEngine    : Starting Servlet engine: [Apache Tomcat/10.1.36]
2025-03-23T16:49:20.759-03:00  INFO 4596 --- [restaurante] [    Test worker] o.a.c.c.C.[Tomcat].[localhost].[/]       : Initializing Spring embedded WebApplicationContext
2025-03-23T16:49:20.759-03:00  INFO 4596 --- [restaurante] [    Test worker] w.s.c.ServletWebServerApplicationContext : Root WebApplicationContext: initialization completed in 496 ms
2025-03-23T16:49:20.821-03:00  INFO 4596 --- [restaurante] [    Test worker] com.zaxxer.hikari.HikariDataSource       : HikariPool-2 - Starting...
2025-03-23T16:49:20.822-03:00  INFO 4596 --- [restaurante] [    Test worker] com.zaxxer.hikari.pool.HikariPool        : HikariPool-2 - Added connection conn10: url=jdbc:h2:mem:testdb user=SA
2025-03-23T16:49:20.822-03:00  INFO 4596 --- [restaurante] [    Test worker] com.zaxxer.hikari.HikariDataSource       : HikariPool-2 - Start completed.
2025-03-23T16:49:20.830-03:00  INFO 4596 --- [restaurante] [    Test worker] o.hibernate.jpa.internal.util.LogHelper  : HHH000204: Processing PersistenceUnitInfo [name: default]
2025-03-23T16:49:20.834-03:00  INFO 4596 --- [restaurante] [    Test worker] o.h.c.internal.RegionFactoryInitiator    : HHH000026: Second-level cache disabled
2025-03-23T16:49:20.844-03:00  INFO 4596 --- [restaurante] [    Test worker] o.s.o.j.p.SpringPersistenceUnitInfo      : No LoadTimeWeaver setup: ignoring JPA class transformer
2025-03-23T16:49:20.846-03:00  INFO 4596 --- [restaurante] [    Test worker] org.hibernate.orm.connections.pooling    : HHH10001005: Database info:
	Database JDBC URL [Connecting through datasource 'HikariDataSource (HikariPool-2)']
	Database driver: undefined/unknown
	Database version: 2.3.232
	Autocommit mode: undefined/unknown
	Isolation level: undefined/unknown
	Minimum pool size: undefined/unknown
	Maximum pool size: undefined/unknown
2025-03-23T16:49:20.941-03:00  INFO 4596 --- [restaurante] [    Test worker] o.h.e.t.j.p.i.JtaPlatformInitiator       : HHH000489: No JTA platform available (set 'hibernate.transaction.jta.platform' to enable JTA platform integration)
2025-03-23T16:49:20.953-03:00  INFO 4596 --- [restaurante] [    Test worker] j.LocalContainerEntityManagerFactoryBean : Initialized JPA EntityManagerFactory for persistence unit 'default'
2025-03-23T16:49:21.023-03:00  WARN 4596 --- [restaurante] [    Test worker] JpaBaseConfiguration$JpaWebConfiguration : spring.jpa.open-in-view is enabled by default. Therefore, database queries may be performed during view rendering. Explicitly configure spring.jpa.open-in-view to disable this warning
2025-03-23T16:49:21.099-03:00  INFO 4596 --- [restaurante] [    Test worker] o.s.b.a.h2.H2ConsoleAutoConfiguration    : H2 console available at '/h2-console'. Database available at 'jdbc:h2:mem:testdb'
2025-03-23T16:49:21.120-03:00  INFO 4596 --- [restaurante] [    Test worker] o.a.c.c.C.[Tomcat].[localhost].[/]       : Initializing Spring TestDispatcherServlet ''
2025-03-23T16:49:21.120-03:00  INFO 4596 --- [restaurante] [    Test worker] o.s.t.web.servlet.TestDispatcherServlet  : Initializing Servlet ''
2025-03-23T16:49:21.121-03:00  INFO 4596 --- [restaurante] [    Test worker] o.s.t.web.servlet.TestDispatcherServlet  : Completed initialization in 1 ms
2025-03-23T16:49:21.266-03:00  INFO 4596 --- [restaurante] [    Test worker] o.s.b.w.embedded.tomcat.TomcatWebServer  : Tomcat started on port 60755 (http) with context path '/'
2025-03-23T16:49:21.270-03:00  INFO 4596 --- [restaurante] [    Test worker] .r.c.e.CreateEspecialidadeControllerTest : Started CreateEspecialidadeControllerTest in 1.04 seconds (process running for 6.484)
]]></system-out>
  <system-err><![CDATA[]]></system-err>
</testsuite>
