<?xml version="1.0" encoding="UTF-8"?>
<testsuite name="br.com.fiap.restaurante.controller.especialidade.UpdateEspecialidadeControllerTest" tests="1" skipped="0" failures="0" errors="0" timestamp="2025-03-25T00:00:59.211Z" hostname="NOTEBOOK" time="0.647">
  <properties/>
  <testcase name="testInvalidParamUpdateEspecialidade()" classname="br.com.fiap.restaurante.controller.especialidade.UpdateEspecialidadeControllerTest" time="0.647"/>
  <system-out><![CDATA[21:00:55.396 [Test worker] INFO org.springframework.test.context.support.AnnotationConfigContextLoaderUtils -- Could not detect default configuration classes for test class [br.com.fiap.restaurante.controller.especialidade.UpdateEspecialidadeControllerTest]: UpdateEspecialidadeControllerTest does not declare any static, non-private, non-final, nested classes annotated with @Configuration.
21:00:55.517 [Test worker] INFO org.springframework.boot.test.context.SpringBootTestContextBootstrapper -- Found @SpringBootConfiguration br.com.fiap.restaurante.RestauranteApplication for test class br.com.fiap.restaurante.controller.especialidade.UpdateEspecialidadeControllerTest

  .   ____          _            __ _ _
 /\\ / ___'_ __ _ _(_)_ __  __ _ \ \ \ \
( ( )\___ | '_ | '_| | '_ \/ _` | \ \ \ \
 \\/  ___)| |_)| | | | | || (_| |  ) ) ) )
  '  |____| .__|_| |_|_| |_\__, | / / / /
 =========|_|==============|___/=/_/_/_/

 :: Spring Boot ::                (v3.4.3)

2025-03-24T21:00:55.851-03:00  INFO 28900 --- [restaurante] [    Test worker] .r.c.e.UpdateEspecialidadeControllerTest : Starting UpdateEspecialidadeControllerTest using Java 17.0.14 with PID 28900 (started by joaov in C:\Programin\tech-challenge-03)
2025-03-24T21:00:55.854-03:00  INFO 28900 --- [restaurante] [    Test worker] .r.c.e.UpdateEspecialidadeControllerTest : The following 1 profile is active: "test"
2025-03-24T21:00:56.485-03:00  INFO 28900 --- [restaurante] [    Test worker] .s.d.r.c.RepositoryConfigurationDelegate : Bootstrapping Spring Data JPA repositories in DEFAULT mode.
2025-03-24T21:00:56.544-03:00  INFO 28900 --- [restaurante] [    Test worker] .s.d.r.c.RepositoryConfigurationDelegate : Finished Spring Data repository scanning in 48 ms. Found 4 JPA repository interfaces.
2025-03-24T21:00:56.957-03:00  INFO 28900 --- [restaurante] [    Test worker] o.s.b.w.embedded.tomcat.TomcatWebServer  : Tomcat initialized with port 0 (http)
2025-03-24T21:00:56.969-03:00  INFO 28900 --- [restaurante] [    Test worker] o.apache.catalina.core.StandardService   : Starting service [Tomcat]
2025-03-24T21:00:56.969-03:00  INFO 28900 --- [restaurante] [    Test worker] o.apache.catalina.core.StandardEngine    : Starting Servlet engine: [Apache Tomcat/10.1.36]
2025-03-24T21:00:57.036-03:00  INFO 28900 --- [restaurante] [    Test worker] o.a.c.c.C.[Tomcat].[localhost].[/]       : Initializing Spring embedded WebApplicationContext
2025-03-24T21:00:57.037-03:00  INFO 28900 --- [restaurante] [    Test worker] w.s.c.ServletWebServerApplicationContext : Root WebApplicationContext: initialization completed in 1170 ms
2025-03-24T21:00:57.166-03:00  INFO 28900 --- [restaurante] [    Test worker] o.hibernate.jpa.internal.util.LogHelper  : HHH000204: Processing PersistenceUnitInfo [name: default]
2025-03-24T21:00:57.208-03:00  INFO 28900 --- [restaurante] [    Test worker] org.hibernate.Version                    : HHH000412: Hibernate ORM core version 6.6.8.Final
2025-03-24T21:00:57.237-03:00  INFO 28900 --- [restaurante] [    Test worker] o.h.c.internal.RegionFactoryInitiator    : HHH000026: Second-level cache disabled
2025-03-24T21:00:57.465-03:00  INFO 28900 --- [restaurante] [    Test worker] o.s.o.j.p.SpringPersistenceUnitInfo      : No LoadTimeWeaver setup: ignoring JPA class transformer
2025-03-24T21:00:57.489-03:00  INFO 28900 --- [restaurante] [    Test worker] com.zaxxer.hikari.HikariDataSource       : HikariPool-1 - Starting...
2025-03-24T21:00:57.610-03:00  INFO 28900 --- [restaurante] [    Test worker] com.zaxxer.hikari.pool.HikariPool        : HikariPool-1 - Added connection conn0: url=jdbc:h2:mem:testdb user=SA
2025-03-24T21:00:57.611-03:00  INFO 28900 --- [restaurante] [    Test worker] com.zaxxer.hikari.HikariDataSource       : HikariPool-1 - Start completed.
2025-03-24T21:00:57.655-03:00  INFO 28900 --- [restaurante] [    Test worker] org.hibernate.orm.connections.pooling    : HHH10001005: Database info:
	Database JDBC URL [Connecting through datasource 'HikariDataSource (HikariPool-1)']
	Database driver: undefined/unknown
	Database version: 2.3.232
	Autocommit mode: undefined/unknown
	Isolation level: undefined/unknown
	Minimum pool size: undefined/unknown
	Maximum pool size: undefined/unknown
2025-03-24T21:00:58.315-03:00  INFO 28900 --- [restaurante] [    Test worker] o.h.e.t.j.p.i.JtaPlatformInitiator       : HHH000489: No JTA platform available (set 'hibernate.transaction.jta.platform' to enable JTA platform integration)
2025-03-24T21:00:58.354-03:00  INFO 28900 --- [restaurante] [    Test worker] j.LocalContainerEntityManagerFactoryBean : Initialized JPA EntityManagerFactory for persistence unit 'default'
2025-03-24T21:00:58.670-03:00  WARN 28900 --- [restaurante] [    Test worker] JpaBaseConfiguration$JpaWebConfiguration : spring.jpa.open-in-view is enabled by default. Therefore, database queries may be performed during view rendering. Explicitly configure spring.jpa.open-in-view to disable this warning
2025-03-24T21:00:58.982-03:00  INFO 28900 --- [restaurante] [    Test worker] o.s.b.a.h2.H2ConsoleAutoConfiguration    : H2 console available at '/h2-console'. Database available at 'jdbc:h2:mem:testdb'
2025-03-24T21:00:59.048-03:00  INFO 28900 --- [restaurante] [    Test worker] o.a.c.c.C.[Tomcat].[localhost].[/]       : Initializing Spring TestDispatcherServlet ''
2025-03-24T21:00:59.048-03:00  INFO 28900 --- [restaurante] [    Test worker] o.s.t.web.servlet.TestDispatcherServlet  : Initializing Servlet ''
2025-03-24T21:00:59.050-03:00  INFO 28900 --- [restaurante] [    Test worker] o.s.t.web.servlet.TestDispatcherServlet  : Completed initialization in 2 ms
2025-03-24T21:00:59.196-03:00  INFO 28900 --- [restaurante] [    Test worker] o.s.b.w.embedded.tomcat.TomcatWebServer  : Tomcat started on port 55281 (http) with context path '/'
2025-03-24T21:00:59.206-03:00  INFO 28900 --- [restaurante] [    Test worker] .r.c.e.UpdateEspecialidadeControllerTest : Started UpdateEspecialidadeControllerTest in 3.598 seconds (process running for 4.476)
]]></system-out>
  <system-err><![CDATA[]]></system-err>
</testsuite>
