<?xml version="1.0" encoding="UTF-8"?>
<testsuite name="br.com.fiap.restaurante.controller.especialidade.ReadEspecialidadeControllerTest" tests="1" skipped="0" failures="0" errors="0" timestamp="2025-03-23T05:02:54.113Z" hostname="NOTEBOOK" time="0.592">
  <properties/>
  <testcase name="testReadEspecialidade()" classname="br.com.fiap.restaurante.controller.especialidade.ReadEspecialidadeControllerTest" time="0.592"/>
  <system-out><![CDATA[02:02:50.035 [Test worker] INFO org.springframework.test.context.support.AnnotationConfigContextLoaderUtils -- Could not detect default configuration classes for test class [br.com.fiap.restaurante.controller.especialidade.ReadEspecialidadeControllerTest]: ReadEspecialidadeControllerTest does not declare any static, non-private, non-final, nested classes annotated with @Configuration.
02:02:50.159 [Test worker] INFO org.springframework.boot.test.context.SpringBootTestContextBootstrapper -- Found @SpringBootConfiguration br.com.fiap.restaurante.RestauranteApplication for test class br.com.fiap.restaurante.controller.especialidade.ReadEspecialidadeControllerTest

  .   ____          _            __ _ _
 /\\ / ___'_ __ _ _(_)_ __  __ _ \ \ \ \
( ( )\___ | '_ | '_| | '_ \/ _` | \ \ \ \
 \\/  ___)| |_)| | | | | || (_| |  ) ) ) )
  '  |____| .__|_| |_|_| |_\__, | / / / /
 =========|_|==============|___/=/_/_/_/

 :: Spring Boot ::                (v3.4.3)

2025-03-23T02:02:50.499-03:00  INFO 33736 --- [restaurante] [    Test worker] .f.r.c.e.ReadEspecialidadeControllerTest : Starting ReadEspecialidadeControllerTest using Java 17.0.14 with PID 33736 (started by joaov in C:\Programin\tech-challenge-03)
2025-03-23T02:02:50.501-03:00  INFO 33736 --- [restaurante] [    Test worker] .f.r.c.e.ReadEspecialidadeControllerTest : The following 1 profile is active: "test"
2025-03-23T02:02:51.123-03:00  INFO 33736 --- [restaurante] [    Test worker] .s.d.r.c.RepositoryConfigurationDelegate : Bootstrapping Spring Data JPA repositories in DEFAULT mode.
2025-03-23T02:02:51.188-03:00  INFO 33736 --- [restaurante] [    Test worker] .s.d.r.c.RepositoryConfigurationDelegate : Finished Spring Data repository scanning in 51 ms. Found 4 JPA repository interfaces.
2025-03-23T02:02:51.661-03:00  INFO 33736 --- [restaurante] [    Test worker] o.s.b.w.embedded.tomcat.TomcatWebServer  : Tomcat initialized with port 0 (http)
2025-03-23T02:02:51.676-03:00  INFO 33736 --- [restaurante] [    Test worker] o.apache.catalina.core.StandardService   : Starting service [Tomcat]
2025-03-23T02:02:51.676-03:00  INFO 33736 --- [restaurante] [    Test worker] o.apache.catalina.core.StandardEngine    : Starting Servlet engine: [Apache Tomcat/10.1.36]
2025-03-23T02:02:51.745-03:00  INFO 33736 --- [restaurante] [    Test worker] o.a.c.c.C.[Tomcat].[localhost].[/]       : Initializing Spring embedded WebApplicationContext
2025-03-23T02:02:51.746-03:00  INFO 33736 --- [restaurante] [    Test worker] w.s.c.ServletWebServerApplicationContext : Root WebApplicationContext: initialization completed in 1235 ms
2025-03-23T02:02:51.863-03:00  INFO 33736 --- [restaurante] [    Test worker] com.zaxxer.hikari.HikariDataSource       : HikariPool-1 - Starting...
2025-03-23T02:02:52.027-03:00  INFO 33736 --- [restaurante] [    Test worker] com.zaxxer.hikari.pool.HikariPool        : HikariPool-1 - Added connection conn0: url=jdbc:h2:mem:testdb user=SA
2025-03-23T02:02:52.029-03:00  INFO 33736 --- [restaurante] [    Test worker] com.zaxxer.hikari.HikariDataSource       : HikariPool-1 - Start completed.
2025-03-23T02:02:52.088-03:00  INFO 33736 --- [restaurante] [    Test worker] o.hibernate.jpa.internal.util.LogHelper  : HHH000204: Processing PersistenceUnitInfo [name: default]
2025-03-23T02:02:52.152-03:00  INFO 33736 --- [restaurante] [    Test worker] org.hibernate.Version                    : HHH000412: Hibernate ORM core version 6.6.8.Final
2025-03-23T02:02:52.181-03:00  INFO 33736 --- [restaurante] [    Test worker] o.h.c.internal.RegionFactoryInitiator    : HHH000026: Second-level cache disabled
2025-03-23T02:02:52.448-03:00  INFO 33736 --- [restaurante] [    Test worker] o.s.o.j.p.SpringPersistenceUnitInfo      : No LoadTimeWeaver setup: ignoring JPA class transformer
2025-03-23T02:02:52.516-03:00  INFO 33736 --- [restaurante] [    Test worker] org.hibernate.orm.connections.pooling    : HHH10001005: Database info:
	Database JDBC URL [Connecting through datasource 'HikariDataSource (HikariPool-1)']
	Database driver: undefined/unknown
	Database version: 2.3.232
	Autocommit mode: undefined/unknown
	Isolation level: undefined/unknown
	Minimum pool size: undefined/unknown
	Maximum pool size: undefined/unknown
2025-03-23T02:02:53.186-03:00  INFO 33736 --- [restaurante] [    Test worker] o.h.e.t.j.p.i.JtaPlatformInitiator       : HHH000489: No JTA platform available (set 'hibernate.transaction.jta.platform' to enable JTA platform integration)
2025-03-23T02:02:53.224-03:00  INFO 33736 --- [restaurante] [    Test worker] j.LocalContainerEntityManagerFactoryBean : Initialized JPA EntityManagerFactory for persistence unit 'default'
2025-03-23T02:02:53.527-03:00  WARN 33736 --- [restaurante] [    Test worker] JpaBaseConfiguration$JpaWebConfiguration : spring.jpa.open-in-view is enabled by default. Therefore, database queries may be performed during view rendering. Explicitly configure spring.jpa.open-in-view to disable this warning
2025-03-23T02:02:53.882-03:00  INFO 33736 --- [restaurante] [    Test worker] o.s.b.a.h2.H2ConsoleAutoConfiguration    : H2 console available at '/h2-console'. Database available at 'jdbc:h2:mem:testdb'
2025-03-23T02:02:53.934-03:00  INFO 33736 --- [restaurante] [    Test worker] o.a.c.c.C.[Tomcat].[localhost].[/]       : Initializing Spring TestDispatcherServlet ''
2025-03-23T02:02:53.934-03:00  INFO 33736 --- [restaurante] [    Test worker] o.s.t.web.servlet.TestDispatcherServlet  : Initializing Servlet ''
2025-03-23T02:02:53.935-03:00  INFO 33736 --- [restaurante] [    Test worker] o.s.t.web.servlet.TestDispatcherServlet  : Completed initialization in 1 ms
2025-03-23T02:02:54.097-03:00  INFO 33736 --- [restaurante] [    Test worker] o.s.b.w.embedded.tomcat.TomcatWebServer  : Tomcat started on port 56452 (http) with context path '/'
2025-03-23T02:02:54.108-03:00  INFO 33736 --- [restaurante] [    Test worker] .f.r.c.e.ReadEspecialidadeControllerTest : Started ReadEspecialidadeControllerTest in 3.849 seconds (process running for 4.747)
]]></system-out>
  <system-err><![CDATA[]]></system-err>
</testsuite>
