<?xml version="1.0" encoding="UTF-8"?>
<testsuite name="br.com.fiap.restaurante.controller.especialidade.DeleteEspecialidadeControllerTest" tests="2" skipped="0" failures="0" errors="0" timestamp="2025-03-23T22:58:45.114Z" hostname="eduardoesr" time="2.805">
  <properties/>
  <testcase name="testDeleteEspecialidadeInexistente()" classname="br.com.fiap.restaurante.controller.especialidade.DeleteEspecialidadeControllerTest" time="0.971"/>
  <testcase name="testDeleteEspecialidade()" classname="br.com.fiap.restaurante.controller.especialidade.DeleteEspecialidadeControllerTest" time="1.834"/>
  <system-out><![CDATA[2025-03-23T19:58:45.111-03:00  INFO 15037 --- [restaurante] [    Test worker] t.c.s.AnnotationConfigContextLoaderUtils : Could not detect default configuration classes for test class [br.com.fiap.restaurante.controller.especialidade.DeleteEspecialidadeControllerTest]: DeleteEspecialidadeControllerTest does not declare any static, non-private, non-final, nested classes annotated with @Configuration.
2025-03-23T19:58:45.113-03:00  INFO 15037 --- [restaurante] [    Test worker] .b.t.c.SpringBootTestContextBootstrapper : Found @SpringBootConfiguration br.com.fiap.restaurante.RestauranteApplication for test class br.com.fiap.restaurante.controller.especialidade.DeleteEspecialidadeControllerTest
]]></system-out>
  <system-err><![CDATA[]]></system-err>
</testsuite>
