<?xml version="1.0" encoding="UTF-8"?>
<testsuite name="br.com.fiap.restaurante.controller.especialidade.ReadEspecialidadeControllerTest" tests="1" skipped="0" failures="0" errors="0" timestamp="2025-03-23T19:49:21.978Z" hostname="NOTEBOOK" time="0.017">
  <properties/>
  <testcase name="testReadEspecialidade()" classname="br.com.fiap.restaurante.controller.especialidade.ReadEspecialidadeControllerTest" time="0.017"/>
  <system-out><![CDATA[2025-03-23T16:49:21.971-03:00  INFO 4596 --- [restaurante] [    Test worker] t.c.s.AnnotationConfigContextLoaderUtils : Could not detect default configuration classes for test class [br.com.fiap.restaurante.controller.especialidade.ReadEspecialidadeControllerTest]: ReadEspecialidadeControllerTest does not declare any static, non-private, non-final, nested classes annotated with @Configuration.
2025-03-23T16:49:21.975-03:00  INFO 4596 --- [restaurante] [    Test worker] .b.t.c.SpringBootTestContextBootstrapper : Found @SpringBootConfiguration br.com.fiap.restaurante.RestauranteApplication for test class br.com.fiap.restaurante.controller.especialidade.ReadEspecialidadeControllerTest
]]></system-out>
  <system-err><![CDATA[]]></system-err>
</testsuite>
